<?xml version="1.0" encoding="UTF-8"?>
<!-- Generated by org.testng.reporters.JUnitXMLReporter -->
<testsuite ignored="0" hostname="DESKTOP-1VFU3BC" failures="0" tests="4" name="Default test" time="169.477" errors="0" timestamp="2023-09-29T00:06:11 IST">
  <testcase classname="Tests.LoginTest" name="YourInfo" time="14.169"/>
  <testcase classname="Tests.LoginTest" name="addToCart" time="8.197"/>
  <testcase classname="Tests.LoginTest" name="checkout" time="8.5"/>
  <testcase classname="Tests.LoginTest" name="login" time="0.744"/>
</testsuite> <!-- Default test -->
