<?xml version="1.0" encoding="UTF-8"?>
<!-- Generated by org.testng.reporters.JUnitXMLReporter -->
<testsuite ignored="3" hostname="DESKTOP-1VFU3BC" failures="0" tests="1" name="Test" time="38.76" errors="0" timestamp="2023-09-11T23:53:20 IST">
  <testcase classname="MavenProj.MavenProj.LoginFunctionality" name="setupandlogin" time="38.638"/>
  <testcase classname="MavenProj.MavenProj.LoginFunctionality" name="VerifyTitle" time="0.0">
    <ignored/>
  </testcase> <!-- VerifyTitle -->
  <testcase classname="MavenProj.MavenProj.LoginFunctionality" name="JobSearch" time="0.0">
    <ignored/>
  </testcase> <!-- JobSearch -->
  <testcase classname="MavenProj.MavenProj.LoginFunctionality" name="ForgotPass" time="0.0">
    <ignored/>
  </testcase> <!-- ForgotPass -->
</testsuite> <!-- Test -->
