<?xml version="1.0" encoding="UTF-8"?>
<testng-results ignored="0" total="4" passed="4" failed="0" skipped="0">
  <reporter-output>
  </reporter-output>
  <suite started-at="2023-09-29T00:03:22 IST" name="Default suite" finished-at="2023-09-29T00:06:11 IST" duration-ms="169477">
    <groups>
    </groups>
    <test started-at="2023-09-29T00:03:22 IST" name="Default test" finished-at="2023-09-29T00:06:11 IST" duration-ms="169477">
      <class name="Tests.LoginTest">
        <test-method is-config="true" signature="openApplication()[pri:0, instance:Tests.LoginTest@470734c3]" started-at="2023-09-29T00:03:22 IST" name="openApplication" finished-at="2023-09-29T00:04:01 IST" duration-ms="39270" status="PASS">
          <reporter-output>
          </reporter-output>
        </test-method> <!-- openApplication -->
        <test-method signature="YourInfo()[pri:0, instance:Tests.LoginTest@470734c3]" started-at="2023-09-29T00:04:01 IST" name="YourInfo" finished-at="2023-09-29T00:04:15 IST" duration-ms="14169" status="PASS">
          <reporter-output>
          </reporter-output>
        </test-method> <!-- YourInfo -->
        <test-method is-config="true" signature="openApplication()[pri:0, instance:Tests.LoginTest@470734c3]" started-at="2023-09-29T00:04:15 IST" name="openApplication" finished-at="2023-09-29T00:04:54 IST" duration-ms="38687" status="PASS">
          <reporter-output>
          </reporter-output>
        </test-method> <!-- openApplication -->
        <test-method signature="addToCart()[pri:0, instance:Tests.LoginTest@470734c3]" started-at="2023-09-29T00:04:54 IST" name="addToCart" finished-at="2023-09-29T00:05:02 IST" duration-ms="8197" status="PASS">
          <reporter-output>
          </reporter-output>
        </test-method> <!-- addToCart -->
        <test-method is-config="true" signature="openApplication()[pri:0, instance:Tests.LoginTest@470734c3]" started-at="2023-09-29T00:05:02 IST" name="openApplication" finished-at="2023-09-29T00:05:27 IST" duration-ms="25326" status="PASS">
          <reporter-output>
          </reporter-output>
        </test-method> <!-- openApplication -->
        <test-method signature="checkout()[pri:0, instance:Tests.LoginTest@470734c3]" started-at="2023-09-29T00:05:27 IST" name="checkout" finished-at="2023-09-29T00:05:36 IST" duration-ms="8500" status="PASS">
          <reporter-output>
          </reporter-output>
        </test-method> <!-- checkout -->
        <test-method is-config="true" signature="openApplication()[pri:0, instance:Tests.LoginTest@470734c3]" started-at="2023-09-29T00:05:36 IST" name="openApplication" finished-at="2023-09-29T00:06:10 IST" duration-ms="34407" status="PASS">
          <reporter-output>
          </reporter-output>
        </test-method> <!-- openApplication -->
        <test-method signature="login()[pri:0, instance:Tests.LoginTest@470734c3]" started-at="2023-09-29T00:06:10 IST" name="login" finished-at="2023-09-29T00:06:11 IST" duration-ms="744" status="PASS">
          <reporter-output>
          </reporter-output>
        </test-method> <!-- login -->
      </class> <!-- Tests.LoginTest -->
    </test> <!-- Default test -->
  </suite> <!-- Default suite -->
</testng-results>
